
**** 07/19/18 13:38:26 *********** Evaluation PSpice (Nov 1999) **************

 * C:\Users\mathias\Desktop\PED\LISTA1\ex1.sch


 ****     CIRCUIT DESCRIPTION


******************************************************************************




* Schematics Version 9.1 - Web Update 1
* Thu Jul 19 13:28:16 2018



** Analysis setup **
.DC LIN V_VGS 0 5 0.1 
.LIB "C:\Users\mathias\Desktop\PED\LISTA1\ex1.lib"


* From [PSPICE NETLIST] section of pspiceev.ini:
.lib "nom.lib"

.INC "ex1.net"

**** INCLUDING ex1.net ****
* Schematics Netlist *



R_R1         0 $N_0001  1k  
V_VGS         $N_0002 0 0V
M_M1         $N_0003 $N_0002 $N_0001 0 MbreakN-X           
R_R2         $N_0003 $N_0004  5k  
V_VDS         $N_0004 0 1V

**** RESUMING ex1.cir ****
.INC "ex1.als"



**** INCLUDING ex1.als ****
* Schematics Aliases *

.ALIASES
R_R1            R1(1=0 2=$N_0001 )
V_VGS           VGS(+=$N_0002 -=0 )
M_M1            M1(d=$N_0003 g=$N_0002 s=$N_0001 b=0 )
R_R2            R2(1=$N_0003 2=$N_0004 )
V_VDS           VDS(+=$N_0004 -=0 )
.ENDALIASES


**** RESUMING ex1.cir ****
.probe


.END

**** 07/19/18 13:38:26 *********** Evaluation PSpice (Nov 1999) **************

 * C:\Users\mathias\Desktop\PED\LISTA1\ex1.sch


 ****     MOSFET MODEL PARAMETERS


******************************************************************************




               MbreakN-X       
               NMOS            
       LEVEL    1            
           L  100.000000E-06 
           W  100.000000E-06 
         VTO    2            
          KP   20.000000E-06 
       GAMMA    0            
         PHI     .6          
      LAMBDA    0            
          IS   10.000000E-15 
          JS    0            
          PB     .8          
        PBSW     .8          
          CJ    0            
        CJSW    0            
        CGSO    0            
        CGDO    0            
        CGBO    0            
         TOX    0            
          XJ    0            
       UCRIT   10.000000E+03 
      DIOMOD    1            
         VFB    0            
        LETA    0            
        WETA    0            
          U0    0            
        TEMP    0            
         VDD    0            
       XPART    0            



          JOB CONCLUDED

          TOTAL JOB TIME             .03
