
**** 10/09/18 16:28:51 *********** Evaluation PSpice (Nov 1999) **************

 * C:\Users\mathias\Desktop\PED\LISTA1\ex1\ex1.sch


 ****     CIRCUIT DESCRIPTION


******************************************************************************




* Schematics Version 9.1 - Web Update 1
* Tue Oct 09 16:28:51 2018



** Analysis setup **
.ac DEC 101 1 1G


* From [PSPICE NETLIST] section of pspiceev.ini:
.lib "nom.lib"

.INC "ex1.net"

**** INCLUDING ex1.net ****
* Schematics Netlist *



R_R4         0 Vout  1k  
R_R3         $N_0001 Vout  200  
R_R1         Vin $N_0002  20k  
R_R2         0 $N_0002  100k  
C_C1         0 $N_0002  52p  
C_C2         0 Vout  20p  
V_V1         Vin 0 DC 0V AC 1V 
E_E1         $N_0001 0 $N_0002 0 132

**** RESUMING ex1.cir ****
.INC "ex1.als"



**** INCLUDING ex1.als ****
* Schematics Aliases *

.ALIASES
R_R4            R4(1=0 2=Vout )
R_R3            R3(1=$N_0001 2=Vout )
R_R1            R1(1=Vin 2=$N_0002 )
R_R2            R2(1=0 2=$N_0002 )
C_C1            C1(1=0 2=$N_0002 )
C_C2            C2(1=0 2=Vout )
V_V1            V1(+=Vin -=0 )
E_E1            E1(3=$N_0001 4=0 1=$N_0002 2=0 )
_    _(Vout=Vout)
_    _(Vin=Vin)
.ENDALIASES


**** RESUMING ex1.cir ****
.probe


.END

**** 10/09/18 16:28:51 *********** Evaluation PSpice (Nov 1999) **************

 * C:\Users\mathias\Desktop\PED\LISTA1\ex1\ex1.sch


 ****     SMALL SIGNAL BIAS SOLUTION       TEMPERATURE =   27.000 DEG C


******************************************************************************



 NODE   VOLTAGE     NODE   VOLTAGE     NODE   VOLTAGE     NODE   VOLTAGE


(  Vin)    0.0000  ( Vout)    0.0000  ($N_0001)    0.0000                       

($N_0002)    0.0000                   




    VOLTAGE SOURCE CURRENTS
    NAME         CURRENT

    V_V1         0.000E+00

    TOTAL POWER DISSIPATION   0.00E+00  WATTS



          JOB CONCLUDED

          TOTAL JOB TIME             .03
